2026-07-21 21:36:46 [INFO] __main__: Event Inventory 開始，universe scope=watchlist，共 24 檔股票
2026-07-21 21:36:46 [INFO] __main__: 建立大盤 regime 時間序列（只需要跑一次，跟個股迴圈無關）...
2026-07-21 21:36:53 [INFO] __main__: [1/24] 2330 完成，偵測到 13 個事件
2026-07-21 21:36:57 [INFO] __main__: [2/24] 3374 完成，偵測到 5 個事件
2026-07-21 21:37:02 [INFO] __main__: [3/24] 6223 完成，偵測到 4 個事件
2026-07-21 21:37:04 [INFO] __main__: [4/24] 3711 完成，偵測到 12 個事件
2026-07-21 21:37:07 [INFO] __main__: [5/24] 6841 完成，偵測到 9 個事件
2026-07-21 21:37:09 [INFO] __main__: [6/24] 2382 完成，偵測到 6 個事件
2026-07-21 21:37:11 [INFO] __main__: [7/24] 3231 完成，偵測到 10 個事件
2026-07-21 21:37:13 [INFO] __main__: [8/24] 2356 完成，偵測到 10 個事件
2026-07-21 21:37:15 [INFO] __main__: [9/24] 6472 完成，偵測到 6 個事件
2026-07-21 21:37:17 [INFO] __main__: [10/24] 6901 完成，偵測到 4 個事件
2026-07-21 21:37:20 [INFO] __main__: [11/24] 4743 完成，偵測到 6 個事件
2026-07-21 21:37:23 [INFO] __main__: [12/24] 6712 完成，偵測到 5 個事件
2026-07-21 21:37:25 [INFO] __main__: [13/24] 2317 完成，偵測到 8 個事件
2026-07-21 21:37:27 [INFO] __main__: [14/24] 2454 完成，偵測到 8 個事件
2026-07-21 21:37:29 [INFO] __main__: [15/24] 2308 完成，偵測到 6 個事件
2026-07-21 21:37:31 [INFO] __main__: [16/24] 2379 完成，偵測到 8 個事件
2026-07-21 21:37:34 [INFO] __main__: [17/24] 3034 完成，偵測到 8 個事件
2026-07-21 21:37:36 [INFO] __main__: [18/24] 2412 完成，偵測到 8 個事件
2026-07-21 21:37:38 [INFO] __main__: [19/24] 2881 完成，偵測到 8 個事件
2026-07-21 21:37:40 [INFO] __main__: [20/24] 2603 完成，偵測到 5 個事件
2026-07-21 21:37:41 [INFO] __main__: [21/24] 1515 完成，偵測到 4 個事件
2026-07-21 21:37:43 [INFO] __main__: [22/24] 1101 完成，偵測到 7 個事件
2026-07-21 21:37:45 [INFO] __main__: [23/24] 0050 完成，偵測到 11 個事件
2026-07-21 21:37:47 [INFO] __main__: [24/24] 006208 完成，偵測到 14 個事件
2026-07-21 21:37:48 [INFO] __main__: Event Inventory 全部股票處理完畢，開始產出 summary report
2026-07-21 21:38:01 [INFO] __main__: Event Inventory 開始，universe scope=watchlist，共 24 檔股票
2026-07-21 21:38:01 [INFO] __main__: 建立大盤 regime 時間序列（只需要跑一次，跟個股迴圈無關）...
2026-07-21 21:38:02 [INFO] __main__: [1/24] 2330 已處理過（checkpoint），略過
2026-07-21 21:38:02 [INFO] __main__: [2/24] 3374 已處理過（checkpoint），略過
2026-07-21 21:38:02 [INFO] __main__: [3/24] 6223 已處理過（checkpoint），略過
2026-07-21 21:38:02 [INFO] __main__: [4/24] 3711 已處理過（checkpoint），略過
2026-07-21 21:38:02 [INFO] __main__: [5/24] 6841 已處理過（checkpoint），略過
2026-07-21 21:38:02 [INFO] __main__: [6/24] 2382 已處理過（checkpoint），略過
2026-07-21 21:38:02 [INFO] __main__: [7/24] 3231 已處理過（checkpoint），略過
2026-07-21 21:38:02 [INFO] __main__: [8/24] 2356 已處理過（checkpoint），略過
2026-07-21 21:38:02 [INFO] __main__: [9/24] 6472 已處理過（checkpoint），略過
2026-07-21 21:38:02 [INFO] __main__: [10/24] 6901 已處理過（checkpoint），略過
2026-07-21 21:38:02 [INFO] __main__: [11/24] 4743 已處理過（checkpoint），略過
2026-07-21 21:38:02 [INFO] __main__: [12/24] 6712 已處理過（checkpoint），略過
2026-07-21 21:38:02 [INFO] __main__: [13/24] 2317 已處理過（checkpoint），略過
2026-07-21 21:38:02 [INFO] __main__: [14/24] 2454 已處理過（checkpoint），略過
2026-07-21 21:38:02 [INFO] __main__: [15/24] 2308 已處理過（checkpoint），略過
2026-07-21 21:38:02 [INFO] __main__: [16/24] 2379 已處理過（checkpoint），略過
2026-07-21 21:38:02 [INFO] __main__: [17/24] 3034 已處理過（checkpoint），略過
2026-07-21 21:38:02 [INFO] __main__: [18/24] 2412 已處理過（checkpoint），略過
2026-07-21 21:38:02 [INFO] __main__: [19/24] 2881 已處理過（checkpoint），略過
2026-07-21 21:38:02 [INFO] __main__: [20/24] 2603 已處理過（checkpoint），略過
2026-07-21 21:38:02 [INFO] __main__: [21/24] 1515 已處理過（checkpoint），略過
2026-07-21 21:38:02 [INFO] __main__: [22/24] 1101 已處理過（checkpoint），略過
2026-07-21 21:38:02 [INFO] __main__: [23/24] 0050 已處理過（checkpoint），略過
2026-07-21 21:38:02 [INFO] __main__: [24/24] 006208 已處理過（checkpoint），略過
2026-07-21 21:38:02 [INFO] __main__: Event Inventory 全部股票處理完畢，開始產出 summary report
